Arguments: 
  C:\Program Files\nodejs\node.exe C:\Users\User\AppData\Roaming\npm\node_modules\yarn\bin\yarn.js add @material-ui/core

PATH: 
  C:\cmder\bin;C:\cmder\vendor\bin;C:\Program Files (x86)\Common Files\Oracle\Java\javapath;C:\Python27\;C:\Python27\Scripts;C:\Windows\system32;C:\Windows;C:\Windows\System32\Wbem;C:\Windows\System32\WindowsPowerShell\v1.0\;C:\Windows\System32\OpenSSH\;C:\Program Files (x86)\NVIDIA Corporation\PhysX\Common;C:\Program Files\NVIDIA Corporation\NVIDIA NvDLISR;C:\Program Files\Git\cmd;C:\WINDOWS\system32;C:\WINDOWS;C:\WINDOWS\System32\Wbem;C:\WINDOWS\System32\WindowsPowerShell\v1.0\;C:\WINDOWS\System32\OpenSSH\;C:\ProgramData\chocolatey\bin;C:\Program Files\dotnet\;C:\Program Files\Microsoft SQL Server\130\Tools\Binn\;C:\Program Files\nodejs\;C:\Program Files\CMake\bin;D:\Projet\L3\stage\projet\EOT\test\emsdk;C:\Users\User\.emscripten;D:\Projet\L3\stage\projet\EOT\test\emsdk\node\12.9.1_64bit\bin\node.exe;D:\Projet\L3\stage\projet\EOT\test\emsdk\python\2.7.13.1_64bit\python-2.7.13.amd64\python.exe;D:\Projet\L3\stage\projet\EOT\test\emsdk\java\8.152_64bit;C:\Users\User\.windows-build-tools\python27\;C:\Users\User\.windows-build-tools\python27\;C:\Users\User\AppData\Local\Microsoft\WindowsApps;C:\Users\User\AppData\Local\Programs\Microsoft VS Code\bin;C:\Program Files\nodejs\;C:\Python27\;C:\Program Files (x86)\Microsoft Visual Studio\2017\BuildTools\Common7\IDE\VC\VCTargets;C:\Program Files (x86)\MSBuild\Microsoft.Cpp\v4.0\v140;D:\Projet\L3\stage\projet\EOT\test\emsdk\upstream\emscripten;D:\Projet\L3\stage\projet\EOT\test\emsdk\node\12.9.1_64bit\bin;D:\Projet\L3\stage\projet\EOT\test\emsdk\python\2.7.13.1_64bit\python-2.7.13.amd64;D:\Projet\L3\stage\projet\EOT\test\emsdk\java\8.152_64bit\bin;C:\Users\User\AppData\Roaming\npm;D:\Projet\L3\stage\projet\EOT\test\emsdk;C:\Program Files\Git\cmd;C:\Program Files\Git\mingw64\bin;C:\Program Files\Git\usr\bin;C:\cmder

Yarn version: 
  1.21.1

Node version: 
  13.6.0

Platform: 
  win32 x64

Trace: 
  Error: EBUSY: resource busy or locked, unlink 'D:\Projet\L3\stage\projet\EOT\eotproject\node_modules\electron\dist\chrome_200_percent.pak'

npm manifest: 
  {
    "appId": "com.hamzaak.electron-react-webpack-boilerplate",
    "name": "electron-react-webpack-boilerplate",
    "productName": "Electron React Webpack Boilerplate",
    "author": "Hamza AK",
    "version": "1.0.0",
    "license": "MIT",
    "description": "A minimal desktop app that uses electron, react, webpack, and babel.",
    "main": "public/electron.js",
    "keywords": [
      "Electron",
      "React",
      "Webpack",
      "Babel"
    ],
    "scripts": {
      "start": "npm-run-all --parallel start:react start:electron",
      "start:electron": "electron .",
      "start:react": "webpack-dev-server --config ./webpack.config.js --mode development",
      "bundle:react": "webpack --mode production",
      "dist": "npm run \"bundle:react\" && node installers/windows/installer.js",
      "postinstall": "electron-rebuild -f -w sqlite3"
    },
    "devDependencies": {
      "@babel/core": "^7.1.2",
      "@babel/plugin-proposal-class-properties": "^7.4.0",
      "@babel/preset-env": "^7.1.0",
      "@babel/preset-react": "^7.0.0",
      "babel-loader": "^8.0.4",
      "electron": "^4.1.4",
      "electron-builder": "^20.39.0",
      "electron-devtools-installer": "^2.2.4",
      "electron-rebuild": "^1.8.8",
      "npm-run-all": "^4.1.5",
      "react-hot-loader": "^4.3.11",
      "webpack": "^4.23.1",
      "webpack-cli": "^3.1.2",
      "webpack-dev-server": "^3.1.11",
      "webpack-livereload-plugin": "^2.2.0"
    },
    "dependencies": {
      "@material-ui/core": "^4.8.3",
      "alasql": "^0.5.3",
      "aws-sdk": "^2.604.0",
      "electron-is-dev": "^1.1.0",
      "electron-window-state": "^5.0.3",
      "react": "^16.6.0",
      "react-art": "^16.12.0",
      "react-dom": "^16.6.0",
      "react-native-electron": "^0.11.0",
      "react-native-fetch-blob": "^0.10.8",
      "react-native-fs": "^2.16.2",
      "react-native-web": "^0.12.0-rc.1",
      "sql.js": "^1.1.0",
      "sqlite3": "^4.1.1"
    }
  }

yarn manifest: 
  No manifest

Lockfile: 
  No lockfile
